<?xml version="1.0" encoding="UTF-8"?>
<!-- Generated by org.testng.reporters.JUnitXMLReporter -->
<testsuite hostname="WL356899" ignored="2" name="Default test" tests="1" failures="0" timestamp="2020-07-03T15:23:08 IST" time="0.049" errors="0">
  <testcase name="readProperties" time="0.006" classname="com.tieto.test.DemoTest"/>
  <testcase name="invalidCredentialTest" time="0.0" classname="com.tieto.test.DemoTest">
    <ignored/>
  </testcase> <!-- invalidCredentialTest -->
  <testcase name="fillFormTest" time="0.0" classname="com.tieto.test.DemoTest">
    <ignored/>
  </testcase> <!-- fillFormTest -->
</testsuite> <!-- Default test -->
