<?xml version="1.0" encoding="UTF-8"?>
<testng-results skipped="0" failed="0" ignored="2" total="3" passed="1">
  <reporter-output>
  </reporter-output>
  <suite name="Default suite" duration-ms="49" started-at="2020-07-03T15:23:08 IST" finished-at="2020-07-03T15:23:08 IST">
    <groups>
    </groups>
    <test name="Default test" duration-ms="49" started-at="2020-07-03T15:23:08 IST" finished-at="2020-07-03T15:23:08 IST">
      <class name="com.tieto.test.DemoTest">
        <test-method status="PASS" signature="readProperties()[pri:0, instance:com.tieto.test.DemoTest@5d76b067]" name="readProperties" duration-ms="6" started-at="2020-07-03T15:23:08 IST" finished-at="2020-07-03T15:23:08 IST">
          <reporter-output>
          </reporter-output>
        </test-method> <!-- readProperties -->
      </class> <!-- com.tieto.test.DemoTest -->
    </test> <!-- Default test -->
  </suite> <!-- Default suite -->
</testng-results>
