<?xml version="1.0" encoding="UTF-8"?>
<!-- Generated by org.testng.reporters.JUnitXMLReporter -->
<testsuite hostname="WL356899" ignored="0" name="Login Test" tests="6" failures="0" timestamp="2020-07-03T16:44:32 IST" time="76.402" errors="0">
  <testcase name="validCredentialTest" time="4.839" classname="com.tieto.test.LoginTest"/>
  <testcase name="validCredentialTest" time="4.956" classname="com.tieto.test.LoginTest"/>
  <testcase name="validCredentialTest" time="4.899" classname="com.tieto.test.LoginTest"/>
  <testcase name="inValidCredentialTest" time="1.662" classname="com.tieto.test.LoginTest"/>
  <testcase name="inValidCredentialTest" time="1.879" classname="com.tieto.test.LoginTest"/>
  <testcase name="inValidCredentialTest" time="1.714" classname="com.tieto.test.LoginTest"/>
</testsuite> <!-- Login Test -->
